#
# There is insufficient memory for the Java Runtime Environment to continue.
# Native memory allocation (malloc) failed to allocate 438608 bytes for Chunk::new
# Possible reasons:
#   The system is out of physical RAM or swap space
#   In 32 bit mode, the process size limit was hit
# Possible solutions:
#   Reduce memory load on the system
#   Increase physical memory or swap space
#   Check if swap backing store is full
#   Use 64 bit Java on a 64 bit OS
#   Decrease Java heap size (-Xmx/-Xms)
#   Decrease number of Java threads
#   Decrease Java thread stack sizes (-Xss)
#   Set larger code cache with -XX:ReservedCodeCacheSize=
# This output file may be truncated or incomplete.
#
#  Out of Memory Error (allocation.cpp:390), pid=10036, tid=0x0000000000002a44
#
# JRE version: Java(TM) SE Runtime Environment (8.0_144-b01) (build 1.8.0_144-b01)
# Java VM: Java HotSpot(TM) 64-Bit Server VM (25.144-b01 mixed mode windows-amd64 compressed oops)
# Failed to write core dump. Minidumps are not enabled by default on client versions of Windows
#

---------------  T H R E A D  ---------------

Current thread (0x0000000014864800):  JavaThread "C2 CompilerThread0" daemon [_thread_in_native, id=10820, stack(0x0000000015eb0000,0x0000000015fb0000)]

Stack: [0x0000000015eb0000,0x0000000015fb0000]
[error occurred during error reporting (printing stack bounds), id 0xc0000005]

Native frames: (J=compiled Java code, j=interpreted, Vv=VM code, C=native code)


Current CompileTask:
C2:  15502 1677       4       com.android.dx.ssa.SCCP::simulatePhi (169 bytes)


---------------  P R O C E S S  ---------------

Java Threads: ( => current thread )
  0x0000000016327800 JavaThread "pool-1-thread-4" [_thread_in_Java, id=10916, stack(0x0000000016bb0000,0x0000000016cb0000)]
  0x0000000016327000 JavaThread "pool-1-thread-3" [_thread_in_Java, id=10448, stack(0x0000000016ab0000,0x0000000016bb0000)]
  0x0000000016324000 JavaThread "pool-1-thread-2" [_thread_in_Java, id=10536, stack(0x00000000169b0000,0x0000000016ab0000)]
  0x000000001631e000 JavaThread "pool-2-thread-1" [_thread_blocked, id=10628, stack(0x00000000168b0000,0x00000000169b0000)]
  0x000000001631b000 JavaThread "pool-1-thread-1" [_thread_in_Java, id=10912, stack(0x00000000167b0000,0x00000000168b0000)]
  0x00000000160c1800 JavaThread "Service Thread" daemon [_thread_blocked, id=8212, stack(0x00000000165b0000,0x00000000166b0000)]
  0x00000000148b8800 JavaThread "C1 CompilerThread2" daemon [_thread_blocked, id=10880, stack(0x00000000164b0000,0x00000000165b0000)]
  0x0000000014866800 JavaThread "C2 CompilerThread1" daemon [_thread_in_native, id=2188, stack(0x0000000015fb0000,0x00000000160b0000)]
=>0x0000000014864800 JavaThread "C2 CompilerThread0" daemon [_thread_in_native, id=10820, stack(0x0000000015eb0000,0x0000000015fb0000)]
  0x0000000014862000 JavaThread "Attach Listener" daemon [_thread_blocked, id=10828, stack(0x0000000015db0000,0x0000000015eb0000)]
  0x0000000014861000 JavaThread "Signal Dispatcher" daemon [_thread_blocked, id=10876, stack(0x0000000015cb0000,0x0000000015db0000)]
  0x000000001484a000 JavaThread "Finalizer" daemon [_thread_blocked, id=10872, stack(0x0000000015ac0000,0x0000000015bc0000)]
  0x0000000014829000 JavaThread "Reference Handler" daemon [_thread_blocked, id=10832, stack(0x00000000159c0000,0x0000000015ac0000)]
  0x0000000002090800 JavaThread "main" [_thread_in_Java, id=9856, stack(0x0000000001f20000,0x0000000002020000)]

Other Threads:
  0x0000000014827000 VMThread [stack: 0x00000000158c0000,0x00000000159c0000] [id=9960]
  0x00000000160c9800 WatcherThread [stack: 0x00000000166b0000,0x00000000167b0000] [id=10852]

VM state:not at safepoint (normal execution)

VM Mutex/Monitor currently owned by a thread: None

Heap:
 PSYoungGen      total 35328K, used 23409K [0x00000000eab00000, 0x00000000ef000000, 0x0000000100000000)
  eden space 32768K, 63% used [0x00000000eab00000,0x00000000ebf647c0,0x00000000ecb00000)
  from space 2560K, 98% used [0x00000000ecb00000,0x00000000ecd78028,0x00000000ecd80000)
  to   space 2560K, 0% used [0x00000000eed80000,0x00000000eed80000,0x00000000ef000000)
 ParOldGen       total 44032K, used 9651K [0x00000000c0000000, 0x00000000c2b00000, 0x00000000eab00000)
  object space 44032K, 21% used [0x00000000c0000000,0x00000000c096cf20,0x00000000c2b00000)
 Metaspace       used 6410K, capacity 7192K, committed 7424K, reserved 1056768K
  class space    used 619K, capacity 656K, committed 768K, reserved 1048576K

Card table byte_map: [0x0000000011550000,0x0000000011760000] byte_map_base: 0x0000000010f50000

Marking Bits: (ParMarkBitMap*) 0x000000005580d850
 Begin Bits: [0x0000000011cc0000, 0x0000000012cc0000)
 End Bits:   [0x0000000012cc0000, 0x0000000013cc0000)

Polling page: 0x0000000002020000

CodeCache: size=245760Kb used=7597Kb max_used=7597Kb free=238162Kb
 bounds [0x0000000002190000, 0x0000000002910000, 0x0000000011190000]
 total_blobs=2011 nmethods=1741 adapters=182
 compilation: enabled

Compilation events (10 events):
Event: 15.308 Thread 0x00000000148b8800 1744   !   3       com.android.dx.dex.cf.AttributeTranslator::getClassAnnotations (135 bytes)
Event: 15.308 Thread 0x0000000014866800 nmethod 1689 0x00000000028faad0 code [0x00000000028fad80, 0x00000000028fcb90]
Event: 15.308 Thread 0x0000000014866800 1723   !   4       com.android.dx.cf.code.Ropper::processBlock (1101 bytes)
Event: 15.313 Thread 0x00000000148b8800 nmethod 1744 0x00000000028ff950 code [0x00000000028ffde0, 0x0000000002902ae8]
Event: 15.320 Thread 0x00000000148b8800 1748       3       com.android.dx.command.dexer.Main$ClassTranslatorTask::call (5 bytes)
Event: 15.321 Thread 0x00000000148b8800 nmethod 1748 0x00000000028f5490 code [0x00000000028f5600, 0x00000000028f5868]
Event: 15.321 Thread 0x00000000148b8800 1749       3       com.android.dx.command.dexer.Main$ClassTranslatorTask::call (14 bytes)
Event: 15.321 Thread 0x00000000148b8800 nmethod 1749 0x00000000028f5050 code [0x00000000028f51c0, 0x00000000028f53a8]
Event: 15.321 Thread 0x00000000148b8800 1750   !   3       com.android.dx.dex.cf.CfTranslator::translate (44 bytes)
Event: 15.322 Thread 0x00000000148b8800 nmethod 1750 0x00000000028f8590 code [0x00000000028f8780, 0x00000000028f8f48]

GC Heap History (6 events):
Event: 6.744 GC heap before
{Heap before GC invocations=1 (full 0):
 PSYoungGen      total 18944K, used 16384K [0x00000000eab00000, 0x00000000ec000000, 0x0000000100000000)
  eden space 16384K, 100% used [0x00000000eab00000,0x00000000ebb00000,0x00000000ebb00000)
  from space 2560K, 0% used [0x00000000ebd80000,0x00000000ebd80000,0x00000000ec000000)
  to   space 2560K, 0% used [0x00000000ebb00000,0x00000000ebb00000,0x00000000ebd80000)
 ParOldGen       total 44032K, used 0K [0x00000000c0000000, 0x00000000c2b00000, 0x00000000eab00000)
  object space 44032K, 0% used [0x00000000c0000000,0x00000000c0000000,0x00000000c2b00000)
 Metaspace       used 5951K, capacity 6808K, committed 7168K, reserved 1056768K
  class space    used 617K, capacity 656K, committed 768K, reserved 1048576K
Event: 7.010 GC heap after
Heap after GC invocations=1 (full 0):
 PSYoungGen      total 18944K, used 2551K [0x00000000eab00000, 0x00000000ed000000, 0x0000000100000000)
  eden space 16384K, 0% used [0x00000000eab00000,0x00000000eab00000,0x00000000ebb00000)
  from space 2560K, 99% used [0x00000000ebb00000,0x00000000ebd7dc98,0x00000000ebd80000)
  to   space 2560K, 0% used [0x00000000ecd80000,0x00000000ecd80000,0x00000000ed000000)
 ParOldGen       total 44032K, used 1698K [0x00000000c0000000, 0x00000000c2b00000, 0x00000000eab00000)
  object space 44032K, 3% used [0x00000000c0000000,0x00000000c01a8b48,0x00000000c2b00000)
 Metaspace       used 5951K, capacity 6808K, committed 7168K, reserved 1056768K
  class space    used 617K, capacity 656K, committed 768K, reserved 1048576K
}
Event: 8.862 GC heap before
{Heap before GC invocations=2 (full 0):
 PSYoungGen      total 18944K, used 18935K [0x00000000eab00000, 0x00000000ed000000, 0x0000000100000000)
  eden space 16384K, 100% used [0x00000000eab00000,0x00000000ebb00000,0x00000000ebb00000)
  from space 2560K, 99% used [0x00000000ebb00000,0x00000000ebd7dc98,0x00000000ebd80000)
  to   space 2560K, 0% used [0x00000000ecd80000,0x00000000ecd80000,0x00000000ed000000)
 ParOldGen       total 44032K, used 1698K [0x00000000c0000000, 0x00000000c2b00000, 0x00000000eab00000)
  object space 44032K, 3% used [0x00000000c0000000,0x00000000c01a8b48,0x00000000c2b00000)
 Metaspace       used 6149K, capacity 7000K, committed 7168K, reserved 1056768K
  class space    used 618K, capacity 656K, committed 768K, reserved 1048576K
Event: 9.029 GC heap after
Heap after GC invocations=2 (full 0):
 PSYoungGen      total 35328K, used 2544K [0x00000000eab00000, 0x00000000ed000000, 0x0000000100000000)
  eden space 32768K, 0% used [0x00000000eab00000,0x00000000eab00000,0x00000000ecb00000)
  from space 2560K, 99% used [0x00000000ecd80000,0x00000000ecffc038,0x00000000ed000000)
  to   space 2560K, 0% used [0x00000000ecb00000,0x00000000ecb00000,0x00000000ecd80000)
 ParOldGen       total 44032K, used 4354K [0x00000000c0000000, 0x00000000c2b00000, 0x00000000eab00000)
  object space 44032K, 9% used [0x00000000c0000000,0x00000000c0440810,0x00000000c2b00000)
 Metaspace       used 6149K, capacity 7000K, committed 7168K, reserved 1056768K
  class space    used 618K, capacity 656K, committed 768K, reserved 1048576K
}
Event: 13.908 GC heap before
{Heap before GC invocations=3 (full 0):
 PSYoungGen      total 35328K, used 35312K [0x00000000eab00000, 0x00000000ed000000, 0x0000000100000000)
  eden space 32768K, 100% used [0x00000000eab00000,0x00000000ecb00000,0x00000000ecb00000)
  from space 2560K, 99% used [0x00000000ecd80000,0x00000000ecffc038,0x00000000ed000000)
  to   space 2560K, 0% used [0x00000000ecb00000,0x00000000ecb00000,0x00000000ecd80000)
 ParOldGen       total 44032K, used 4354K [0x00000000c0000000, 0x00000000c2b00000, 0x00000000eab00000)
  object space 44032K, 9% used [0x00000000c0000000,0x00000000c0440810,0x00000000c2b00000)
 Metaspace       used 6348K, capacity 7128K, committed 7424K, reserved 1056768K
  class space    used 619K, capacity 656K, committed 768K, reserved 1048576K
Event: 15.025 GC heap after
Heap after GC invocations=3 (full 0):
 PSYoungGen      total 35328K, used 2528K [0x00000000eab00000, 0x00000000ef000000, 0x0000000100000000)
  eden space 32768K, 0% used [0x00000000eab00000,0x00000000eab00000,0x00000000ecb00000)
  from space 2560K, 98% used [0x00000000ecb00000,0x00000000ecd78028,0x00000000ecd80000)
  to   space 2560K, 0% used [0x00000000eed80000,0x00000000eed80000,0x00000000ef000000)
 ParOldGen       total 44032K, used 9651K [0x00000000c0000000, 0x00000000c2b00000, 0x00000000eab00000)
  object space 44032K, 21% used [0x00000000c0000000,0x00000000c096cf20,0x00000000c2b00000)
 Metaspace       used 6348K, capacity 7128K, committed 7424K, reserved 1056768K
  class space    used 619K, capacity 656K, committed 768K, reserved 1048576K
}

Deoptimization events (10 events):
Event: 10.584 Thread 0x0000000016327800 Uncommon trap: reason=unstable_if action=reinterpret pc=0x00000000025bb704 method=com.android.dx.rop.code.RegisterSpecSet.<init>(I)V @ 2
Event: 12.333 Thread 0x0000000016324000 Uncommon trap: reason=bimorphic action=maybe_recompile pc=0x00000000028279bc method=com.android.dx.ssa.SCCP.setLatticeValueTo(IILcom/android/dx/rop/cst/Constant;)Z @ 43
Event: 13.846 Thread 0x0000000016324000 Uncommon trap: reason=class_check action=maybe_recompile pc=0x000000000270e81c method=com.android.dx.rop.code.RegisterSpec.withSimpleType()Lcom/android/dx/rop/code/RegisterSpec; @ 21
Event: 15.093 Thread 0x0000000016327800 Uncommon trap: reason=bimorphic action=maybe_recompile pc=0x00000000028769ec method=com.android.dx.cf.code.RopperMachine.run(Lcom/android/dx/cf/code/Frame;II)V @ 988
Event: 15.095 Thread 0x0000000016327800 Uncommon trap: reason=unstable_if action=reinterpret pc=0x00000000026d6258 method=com.android.dx.ssa.SCCP.simulateBranch(Lcom/android/dx/ssa/SsaInsn;)V @ 64
Event: 15.095 Thread 0x0000000016327800 Uncommon trap: reason=unloaded action=reinterpret pc=0x00000000026ee27c method=com.android.dx.ssa.LiteralOpUpgrader$1.visitNonMoveInsn(Lcom/android/dx/ssa/NormalSsaInsn;)V @ 72
Event: 15.097 Thread 0x0000000016327800 Uncommon trap: reason=unstable_if action=reinterpret pc=0x000000000258375c method=com.android.dx.ssa.SsaMethod.updateOneDefinition(Lcom/android/dx/ssa/SsaInsn;Lcom/android/dx/rop/code/RegisterSpec;)V @ 4
Event: 15.107 Thread 0x0000000016327800 Uncommon trap: reason=bimorphic action=maybe_recompile pc=0x00000000028279bc method=com.android.dx.ssa.SCCP.setLatticeValueTo(IILcom/android/dx/rop/cst/Constant;)Z @ 43
Event: 15.107 Thread 0x0000000016327800 Uncommon trap: reason=bimorphic action=maybe_recompile pc=0x00000000028279bc method=com.android.dx.ssa.SCCP.setLatticeValueTo(IILcom/android/dx/rop/cst/Constant;)Z @ 43
Event: 15.107 Thread 0x0000000016327800 Uncommon trap: reason=bimorphic action=maybe_recompile pc=0x00000000028279bc method=com.android.dx.ssa.SCCP.setLatticeValueTo(IILcom/android/dx/rop/cst/Constant;)Z @ 43

Internal exceptions (5 events):
Event: 0.618 Thread 0x0000000002090800 Exception <a 'java/lang/NoSuchMethodError': Method sun.misc.Unsafe.defineClass(Ljava/lang/String;[BII)Ljava/lang/Class; name or signature does not match> (0x00000000eab07ca8) thrown at [C:\re\workspace\8-2-build-windows-amd64-cygwin\jdk8u144\9417\hotspot\
Event: 0.618 Thread 0x0000000002090800 Exception <a 'java/lang/NoSuchMethodError': Method sun.misc.Unsafe.prefetchRead(Ljava/lang/Object;J)V name or signature does not match> (0x00000000eab07f90) thrown at [C:\re\workspace\8-2-build-windows-amd64-cygwin\jdk8u144\9417\hotspot\src\share\vm\prims
Event: 7.087 Thread 0x0000000016324000 Implicit null exception at 0x000000000254ec22 to 0x000000000254ed1a
Event: 8.306 Thread 0x0000000016327800 Implicit null exception at 0x000000000253255a to 0x000000000253316d
Event: 8.306 Thread 0x0000000016327800 Implicit null exception at 0x000000000252a7a1 to 0x000000000252b189

Events (10 events):
Event: 15.097 Thread 0x0000000016327800 DEOPT UNPACKING pc=0x00000000021d582a sp=0x0000000016cae4c8 mode 2
Event: 15.107 Thread 0x0000000016327800 Uncommon trap: trap_request=0xffffffc6 fr.pc=0x00000000028279bc
Event: 15.107 Thread 0x0000000016327800 DEOPT PACKING pc=0x00000000028279bc sp=0x0000000016cae640
Event: 15.107 Thread 0x0000000016327800 DEOPT UNPACKING pc=0x00000000021d582a sp=0x0000000016cae5a8 mode 2
Event: 15.107 Thread 0x0000000016327800 Uncommon trap: trap_request=0xffffffc6 fr.pc=0x00000000028279bc
Event: 15.107 Thread 0x0000000016327800 DEOPT PACKING pc=0x00000000028279bc sp=0x0000000016cae640
Event: 15.107 Thread 0x0000000016327800 DEOPT UNPACKING pc=0x00000000021d582a sp=0x0000000016cae5a8 mode 2
Event: 15.107 Thread 0x0000000016327800 Uncommon trap: trap_request=0xffffffc6 fr.pc=0x00000000028279bc
Event: 15.107 Thread 0x0000000016327800 DEOPT PACKING pc=0x00000000028279bc sp=0x0000000016cae690
Event: 15.107 Thread 0x0000000016327800 DEOPT UNPACKING pc=0x00000000021d582a sp=0x0000000016cae5f8 mode 2


Dynamic libraries:
0x00007ff635230000 - 0x00007ff635267000 	D:\Java\jdk1.8.0_144\bin\java.exe
0x00007ff9da6a0000 - 0x00007ff9da861000 	C:\WINDOWS\SYSTEM32\ntdll.dll
0x00007ff9d81e0000 - 0x00007ff9d828d000 	C:\WINDOWS\system32\KERNEL32.DLL
0x00007ff9d7790000 - 0x00007ff9d7978000 	C:\WINDOWS\system32\KERNELBASE.dll
0x00007ff9d8130000 - 0x00007ff9d81d7000 	C:\WINDOWS\system32\ADVAPI32.dll
0x00007ff9d7c60000 - 0x00007ff9d7cfd000 	C:\WINDOWS\system32\msvcrt.dll
0x00007ff9d7aa0000 - 0x00007ff9d7afb000 	C:\WINDOWS\system32\sechost.dll
0x00007ff9da580000 - 0x00007ff9da69c000 	C:\WINDOWS\system32\RPCRT4.dll
0x00007ff9d7b00000 - 0x00007ff9d7c56000 	C:\WINDOWS\system32\USER32.dll
0x00007ff9d8300000 - 0x00007ff9d8486000 	C:\WINDOWS\system32\GDI32.dll
0x00007ff9c9510000 - 0x00007ff9c9784000 	C:\WINDOWS\WinSxS\amd64_microsoft.windows.common-controls_6595b64144ccf1df_6.0.10586.0_none_8c15ae12515e1c22\COMCTL32.dll
0x00007ff9da1e0000 - 0x00007ff9da45d000 	C:\WINDOWS\system32\combase.dll
0x00007ff9d7980000 - 0x00007ff9d79ea000 	C:\WINDOWS\system32\bcryptPrimitives.dll
0x00007ff9d8570000 - 0x00007ff9d85ab000 	C:\WINDOWS\system32\IMM32.DLL
0x0000000055890000 - 0x0000000055962000 	D:\Java\jdk1.8.0_144\jre\bin\msvcr100.dll
0x0000000054ff0000 - 0x000000005588d000 	D:\Java\jdk1.8.0_144\jre\bin\server\jvm.dll
0x00007ff9d84f0000 - 0x00007ff9d84f8000 	C:\WINDOWS\system32\PSAPI.DLL
0x00007ff9d34c0000 - 0x00007ff9d34c9000 	C:\WINDOWS\SYSTEM32\WSOCK32.dll
0x00007ff9d8290000 - 0x00007ff9d82fb000 	C:\WINDOWS\system32\WS2_32.dll
0x00007ff9d4f40000 - 0x00007ff9d4f63000 	C:\WINDOWS\SYSTEM32\WINMM.dll
0x00007ff9cae40000 - 0x00007ff9cae4a000 	C:\WINDOWS\SYSTEM32\VERSION.dll
0x00007ff9d4ee0000 - 0x00007ff9d4f0c000 	C:\WINDOWS\SYSTEM32\WINMMBASE.dll
0x00007ff9d73c0000 - 0x00007ff9d7403000 	C:\WINDOWS\system32\cfgmgr32.dll
0x0000000054fe0000 - 0x0000000054fef000 	D:\Java\jdk1.8.0_144\jre\bin\verify.dll
0x0000000054fb0000 - 0x0000000054fd9000 	D:\Java\jdk1.8.0_144\jre\bin\java.dll
0x0000000054f90000 - 0x0000000054fa6000 	D:\Java\jdk1.8.0_144\jre\bin\zip.dll
0x00007ff9d8c80000 - 0x00007ff9da1dc000 	C:\WINDOWS\system32\SHELL32.dll
0x00007ff9d6d50000 - 0x00007ff9d7395000 	C:\WINDOWS\system32\windows.storage.dll
0x00007ff9d8490000 - 0x00007ff9d84e2000 	C:\WINDOWS\system32\shlwapi.dll
0x00007ff9d6d30000 - 0x00007ff9d6d3f000 	C:\WINDOWS\system32\kernel.appcore.dll
0x00007ff9d75e0000 - 0x00007ff9d7695000 	C:\WINDOWS\system32\shcore.dll
0x00007ff9d6ce0000 - 0x00007ff9d6d2b000 	C:\WINDOWS\system32\powrprof.dll
0x00007ff9d6cc0000 - 0x00007ff9d6cd4000 	C:\WINDOWS\system32\profapi.dll

VM Arguments:
jvm_args: -Djava.awt.headless=true -Xmx1024M -Dfile.encoding=windows-1252 -Duser.country=AU -Duser.language=en -Duser.variant 
java_command: com.android.dx.command.Main --dex --num-threads=4 --output E:\React Native\hackathon\hackathon_project\android\app\build\intermediates\pre-dexed\debug\internal_impl-23.0.1_91cbb76755ed248d936e4870870442f03ce2c080.jar E:\React Native\hackathon\hackathon_project\android\app\build\intermediates\exploded-aar\com.android.support\support-v4\23.0.1\jars\libs\internal_impl-23.0.1.jar
java_class_path (initial): D:\Program Files (x86)\Android\android-sdk\build-tools\23.0.1\lib\dx.jar
Launcher Type: SUN_STANDARD

Environment Variables:
JAVA_HOME=D:\Java\jdk1.8.0_144
CLASSPATH=E:\React Native\hackathon\hackathon_project\android\\gradle\wrapper\gradle-wrapper.jar
PATH=C:\ProgramData\Oracle\Java\javapath;C:\Program Files (x86)\Intel\iCLS Client\;C:\Program Files\Intel\iCLS Client\;C:\WINDOWS\system32;C:\WINDOWS;C:\WINDOWS\System32\Wbem;C:\WINDOWS\System32\WindowsPowerShell\v1.0\;C:\Program Files (x86)\Intel\Intel(R) Management Engine Components\DAL;C:\Program Files\Intel\Intel(R) Management Engine Components\DAL;C:\Program Files (x86)\Intel\Intel(R) Management Engine Components\IPT;C:\Program Files\Intel\Intel(R) Management Engine Components\IPT;D:\Program Files\nodejs\;d:\Program Files\Git\cmd;C:\Program Files (x86)\Skype\Phone\;C:\Users\MUBASHIR\AppData\Roaming\npm;D:\Program Files (x86)\Android\android-sdk\platform-tools;d:\Program Files (x86)\Microsoft VS Code\bin
USERNAME=MUBASHIR
OS=Windows_NT
PROCESSOR_IDENTIFIER=Intel64 Family 6 Model 61 Stepping 4, GenuineIntel



---------------  S Y S T E M  ---------------

OS: Windows 10.0 , 64 bit Build 10586 (10.0.10586.0)

CPU:total 4 (initial active 4) (2 cores per cpu, 2 threads per core) family 6 model 61 stepping 4, cmov, cx8, fxsr, mmx, sse, sse2, sse3, ssse3, sse4.1, sse4.2, popcnt, avx, avx2, aes, clmul, erms, 3dnowpref, lzcnt, ht, tsc, tscinvbit, bmi1, bmi2, adx

Memory: 4k page, physical 4107980k(331100k free), swap 6539460k(5212k free)

vm_info: Java HotSpot(TM) 64-Bit Server VM (25.144-b01) for windows-amd64 JRE (1.8.0_144-b01), built on Jul 21 2017 21:57:33 by "java_re" with MS VC++ 10.0 (VS2010)

time: Sat Oct 07 23:58:26 2017
elapsed time: 15 seconds (0d 0h 0m 15s)

