#
# There is insufficient memory for the Java Runtime Environment to continue.
# Native memory allocation (malloc) failed to allocate 362976 bytes for Chunk::new
# Possible reasons:
#   The system is out of physical RAM or swap space
#   In 32 bit mode, the process size limit was hit
# Possible solutions:
#   Reduce memory load on the system
#   Increase physical memory or swap space
#   Check if swap backing store is full
#   Use 64 bit Java on a 64 bit OS
#   Decrease Java heap size (-Xmx/-Xms)
#   Decrease number of Java threads
#   Decrease Java thread stack sizes (-Xss)
#   Set larger code cache with -XX:ReservedCodeCacheSize=
# This output file may be truncated or incomplete.
#
#  Out of Memory Error (allocation.cpp:390), pid=10188, tid=0x0000000000002960
#
# JRE version: Java(TM) SE Runtime Environment (8.0_144-b01) (build 1.8.0_144-b01)
# Java VM: Java HotSpot(TM) 64-Bit Server VM (25.144-b01 mixed mode windows-amd64 compressed oops)
# Failed to write core dump. Minidumps are not enabled by default on client versions of Windows
#

---------------  T H R E A D  ---------------

Current thread (0x00000000148d7000):  JavaThread "C2 CompilerThread1" daemon [_thread_in_native, id=10592, stack(0x0000000016010000,0x0000000016110000)]

Stack: [0x0000000016010000,0x0000000016110000]
[error occurred during error reporting (printing stack bounds), id 0xc0000005]

Native frames: (J=compiled Java code, j=interpreted, Vv=VM code, C=native code)


Current CompileTask:
C2:  15641 1921       4       com.android.dx.ssa.SsaConverter::edgeSplitPredecessors (44 bytes)


---------------  P R O C E S S  ---------------

Java Threads: ( => current thread )
  0x00000000164da800 JavaThread "pool-1-thread-4" [_thread_blocked, id=10788, stack(0x0000000016c10000,0x0000000016d10000)]
  0x00000000164d9800 JavaThread "pool-1-thread-3" [_thread_blocked, id=10784, stack(0x0000000016b10000,0x0000000016c10000)]
  0x00000000164d7000 JavaThread "pool-1-thread-2" [_thread_blocked, id=10888, stack(0x0000000016a10000,0x0000000016b10000)]
  0x00000000164d6000 JavaThread "pool-2-thread-1" [_thread_blocked, id=10844, stack(0x0000000016910000,0x0000000016a10000)]
  0x00000000164c7000 JavaThread "pool-1-thread-1" [_thread_blocked, id=10848, stack(0x0000000016810000,0x0000000016910000)]
  0x0000000016215000 JavaThread "Service Thread" daemon [_thread_blocked, id=10660, stack(0x0000000016610000,0x0000000016710000)]
  0x0000000014926000 JavaThread "C1 CompilerThread2" daemon [_thread_blocked, id=10552, stack(0x0000000016110000,0x0000000016210000)]
=>0x00000000148d7000 JavaThread "C2 CompilerThread1" daemon [_thread_in_native, id=10592, stack(0x0000000016010000,0x0000000016110000)]
  0x00000000148d4800 JavaThread "C2 CompilerThread0" daemon [_thread_in_native, id=9932, stack(0x0000000015f10000,0x0000000016010000)]
  0x00000000148d2000 JavaThread "Attach Listener" daemon [_thread_blocked, id=9968, stack(0x0000000015e10000,0x0000000015f10000)]
  0x00000000148d1800 JavaThread "Signal Dispatcher" daemon [_thread_blocked, id=9964, stack(0x0000000015d10000,0x0000000015e10000)]
  0x00000000148ba000 JavaThread "Finalizer" daemon [_thread_blocked, id=10072, stack(0x0000000015b30000,0x0000000015c30000)]
  0x0000000014899000 JavaThread "Reference Handler" daemon [_thread_blocked, id=9880, stack(0x0000000015a30000,0x0000000015b30000)]
  0x0000000002100800 JavaThread "main" [_thread_blocked, id=9940, stack(0x0000000001e90000,0x0000000001f90000)]

Other Threads:
  0x0000000014897000 VMThread [stack: 0x0000000015930000,0x0000000015a30000] [id=9700]
  0x000000001622b000 WatcherThread [stack: 0x0000000016710000,0x0000000016810000] [id=7852]

VM state:at safepoint (normal execution)

VM Mutex/Monitor currently owned by a thread:  ([mutex/lock_event])
[0x00000000020fc6b0] Threads_lock - owner thread: 0x0000000014897000
[0x00000000020fca30] Heap_lock - owner thread: 0x00000000164d7000

Heap:
 PSYoungGen      total 68096K, used 68096K [0x00000000eab00000, 0x00000000ef000000, 0x0000000100000000)
  eden space 65536K, 100% used [0x00000000eab00000,0x00000000eeb00000,0x00000000eeb00000)
  from space 2560K, 100% used [0x00000000eed80000,0x00000000ef000000,0x00000000ef000000)
  to   space 2560K, 99% used [0x00000000eeb00000,0x00000000eed7c010,0x00000000eed80000)
 ParOldGen       total 44032K, used 16331K [0x00000000c0000000, 0x00000000c2b00000, 0x00000000eab00000)
  object space 44032K, 37% used [0x00000000c0000000,0x00000000c0ff2c18,0x00000000c2b00000)
 Metaspace       used 6405K, capacity 7192K, committed 7424K, reserved 1056768K
  class space    used 627K, capacity 656K, committed 768K, reserved 1048576K

Card table byte_map: [0x00000000115c0000,0x00000000117d0000] byte_map_base: 0x0000000010fc0000

Marking Bits: (ParMarkBitMap*) 0x000000005580d850
 Begin Bits: [0x0000000011d30000, 0x0000000012d30000)
 End Bits:   [0x0000000012d30000, 0x0000000013d30000)

Polling page: 0x00000000001f0000

CodeCache: size=245760Kb used=9092Kb max_used=9092Kb free=236667Kb
 bounds [0x0000000002200000, 0x0000000002af0000, 0x0000000011200000]
 total_blobs=2118 nmethods=1854 adapters=176
 compilation: enabled

Compilation events (10 events):
Event: 15.509 Thread 0x00000000148d7000 nmethod 1919 0x0000000002aba4d0 code [0x0000000002aba680, 0x0000000002aba9d0]
Event: 15.510 Thread 0x00000000148d7000 1920       4       com.android.dx.cf.code.Merger::mergeLocals (122 bytes)
Event: 15.537 Thread 0x00000000148d7000 nmethod 1920 0x0000000002abb210 code [0x0000000002abb400, 0x0000000002abbd50]
Event: 15.538 Thread 0x00000000148d7000 1921       4       com.android.dx.ssa.SsaConverter::edgeSplitPredecessors (44 bytes)
Event: 15.589 Thread 0x0000000014926000 1925       1       com.android.dx.ssa.PhiInsn::isPhiOrMove (2 bytes)
Event: 15.589 Thread 0x0000000014926000 nmethod 1925 0x0000000002a6f610 code [0x0000000002a6f760, 0x0000000002a6f870]
Event: 15.592 Thread 0x0000000014926000 1926       3       java.util.HashMap::get (23 bytes)
Event: 15.592 Thread 0x0000000014926000 nmethod 1926 0x0000000002a81010 code [0x0000000002a811a0, 0x0000000002a81598]
Event: 15.594 Thread 0x0000000014926000 1928       3       com.android.dx.rop.code.LocalVariableExtractor::processBlock (327 bytes)
Event: 15.599 Thread 0x0000000014926000 nmethod 1928 0x0000000002acfd90 code [0x0000000002ad0200, 0x0000000002ad3c98]

GC Heap History (8 events):
Event: 3.981 GC heap before
{Heap before GC invocations=1 (full 0):
 PSYoungGen      total 18944K, used 16384K [0x00000000eab00000, 0x00000000ec000000, 0x0000000100000000)
  eden space 16384K, 100% used [0x00000000eab00000,0x00000000ebb00000,0x00000000ebb00000)
  from space 2560K, 0% used [0x00000000ebd80000,0x00000000ebd80000,0x00000000ec000000)
  to   space 2560K, 0% used [0x00000000ebb00000,0x00000000ebb00000,0x00000000ebd80000)
 ParOldGen       total 44032K, used 0K [0x00000000c0000000, 0x00000000c2b00000, 0x00000000eab00000)
  object space 44032K, 0% used [0x00000000c0000000,0x00000000c0000000,0x00000000c2b00000)
 Metaspace       used 5857K, capacity 6832K, committed 7040K, reserved 1056768K
  class space    used 599K, capacity 616K, committed 640K, reserved 1048576K
Event: 4.078 GC heap after
Heap after GC invocations=1 (full 0):
 PSYoungGen      total 18944K, used 2551K [0x00000000eab00000, 0x00000000ed000000, 0x0000000100000000)
  eden space 16384K, 0% used [0x00000000eab00000,0x00000000eab00000,0x00000000ebb00000)
  from space 2560K, 99% used [0x00000000ebb00000,0x00000000ebd7dc80,0x00000000ebd80000)
  to   space 2560K, 0% used [0x00000000ecd80000,0x00000000ecd80000,0x00000000ed000000)
 ParOldGen       total 44032K, used 2240K [0x00000000c0000000, 0x00000000c2b00000, 0x00000000eab00000)
  object space 44032K, 5% used [0x00000000c0000000,0x00000000c02300e0,0x00000000c2b00000)
 Metaspace       used 5857K, capacity 6832K, committed 7040K, reserved 1056768K
  class space    used 599K, capacity 616K, committed 640K, reserved 1048576K
}
Event: 4.988 GC heap before
{Heap before GC invocations=2 (full 0):
 PSYoungGen      total 18944K, used 18935K [0x00000000eab00000, 0x00000000ed000000, 0x0000000100000000)
  eden space 16384K, 100% used [0x00000000eab00000,0x00000000ebb00000,0x00000000ebb00000)
  from space 2560K, 99% used [0x00000000ebb00000,0x00000000ebd7dc80,0x00000000ebd80000)
  to   space 2560K, 0% used [0x00000000ecd80000,0x00000000ecd80000,0x00000000ed000000)
 ParOldGen       total 44032K, used 2240K [0x00000000c0000000, 0x00000000c2b00000, 0x00000000eab00000)
  object space 44032K, 5% used [0x00000000c0000000,0x00000000c02300e0,0x00000000c2b00000)
 Metaspace       used 6067K, capacity 7026K, committed 7296K, reserved 1056768K
  class space    used 604K, capacity 618K, committed 640K, reserved 1048576K
Event: 5.199 GC heap after
Heap after GC invocations=2 (full 0):
 PSYoungGen      total 35328K, used 2554K [0x00000000eab00000, 0x00000000ed000000, 0x0000000100000000)
  eden space 32768K, 0% used [0x00000000eab00000,0x00000000eab00000,0x00000000ecb00000)
  from space 2560K, 99% used [0x00000000ecd80000,0x00000000ecffeaa0,0x00000000ed000000)
  to   space 2560K, 0% used [0x00000000ecb00000,0x00000000ecb00000,0x00000000ecd80000)
 ParOldGen       total 44032K, used 4884K [0x00000000c0000000, 0x00000000c2b00000, 0x00000000eab00000)
  object space 44032K, 11% used [0x00000000c0000000,0x00000000c04c5390,0x00000000c2b00000)
 Metaspace       used 6067K, capacity 7026K, committed 7296K, reserved 1056768K
  class space    used 604K, capacity 618K, committed 640K, reserved 1048576K
}
Event: 7.111 GC heap before
{Heap before GC invocations=3 (full 0):
 PSYoungGen      total 35328K, used 35322K [0x00000000eab00000, 0x00000000ed000000, 0x0000000100000000)
  eden space 32768K, 100% used [0x00000000eab00000,0x00000000ecb00000,0x00000000ecb00000)
  from space 2560K, 99% used [0x00000000ecd80000,0x00000000ecffeaa0,0x00000000ed000000)
  to   space 2560K, 0% used [0x00000000ecb00000,0x00000000ecb00000,0x00000000ecd80000)
 ParOldGen       total 44032K, used 4884K [0x00000000c0000000, 0x00000000c2b00000, 0x00000000eab00000)
  object space 44032K, 11% used [0x00000000c0000000,0x00000000c04c5390,0x00000000c2b00000)
 Metaspace       used 6225K, capacity 7090K, committed 7296K, reserved 1056768K
  class space    used 604K, capacity 618K, committed 640K, reserved 1048576K
Event: 7.383 GC heap after
Heap after GC invocations=3 (full 0):
 PSYoungGen      total 35328K, used 2560K [0x00000000eab00000, 0x00000000ef000000, 0x0000000100000000)
  eden space 32768K, 0% used [0x00000000eab00000,0x00000000eab00000,0x00000000ecb00000)
  from space 2560K, 100% used [0x00000000ecb00000,0x00000000ecd80000,0x00000000ecd80000)
  to   space 2560K, 0% used [0x00000000eed80000,0x00000000eed80000,0x00000000ef000000)
 ParOldGen       total 44032K, used 10150K [0x00000000c0000000, 0x00000000c2b00000, 0x00000000eab00000)
  object space 44032K, 23% used [0x00000000c0000000,0x00000000c09e99c0,0x00000000c2b00000)
 Metaspace       used 6225K, capacity 7090K, committed 7296K, reserved 1056768K
  class space    used 604K, capacity 618K, committed 640K, reserved 1048576K
}
Event: 8.889 GC heap before
{Heap before GC invocations=4 (full 0):
 PSYoungGen      total 35328K, used 35328K [0x00000000eab00000, 0x00000000ef000000, 0x0000000100000000)
  eden space 32768K, 100% used [0x00000000eab00000,0x00000000ecb00000,0x00000000ecb00000)
  from space 2560K, 100% used [0x00000000ecb00000,0x00000000ecd80000,0x00000000ecd80000)
  to   space 2560K, 0% used [0x00000000eed80000,0x00000000eed80000,0x00000000ef000000)
 ParOldGen       total 44032K, used 10150K [0x00000000c0000000, 0x00000000c2b00000, 0x00000000eab00000)
  object space 44032K, 23% used [0x00000000c0000000,0x00000000c09e99c0,0x00000000c2b00000)
 Metaspace       used 6277K, capacity 7154K, committed 7296K, reserved 1056768K
  class space    used 605K, capacity 618K, committed 640K, reserved 1048576K
Event: 10.151 GC heap after
Heap after GC invocations=4 (full 0):
 PSYoungGen      total 68096K, used 2560K [0x00000000eab00000, 0x00000000ef000000, 0x0000000100000000)
  eden space 65536K, 0% used [0x00000000eab00000,0x00000000eab00000,0x00000000eeb00000)
  from space 2560K, 100% used [0x00000000eed80000,0x00000000ef000000,0x00000000ef000000)
  to   space 2560K, 0% used [0x00000000eeb00000,0x00000000eeb00000,0x00000000eed80000)
 ParOldGen       total 44032K, used 15741K [0x00000000c0000000, 0x00000000c2b00000, 0x00000000eab00000)
  object space 44032K, 35% used [0x00000000c0000000,0x00000000c0f5f528,0x00000000c2b00000)
 Metaspace       used 6277K, capacity 7154K, committed 7296K, reserved 1056768K
  class space    used 605K, capacity 618K, committed 640K, reserved 1048576K
}

Deoptimization events (10 events):
Event: 11.183 Thread 0x00000000164da800 Uncommon trap: reason=unstable_if action=reinterpret pc=0x0000000002593fdc method=com.android.dx.rop.cst.Constant.compareTo(Lcom/android/dx/rop/cst/Constant;)I @ 12
Event: 11.198 Thread 0x00000000164d7000 Uncommon trap: reason=bimorphic action=maybe_recompile pc=0x00000000028f8444 method=com.android.dx.ssa.SCCP.simulatePhi(Lcom/android/dx/ssa/PhiInsn;)V @ 124
Event: 11.212 Thread 0x00000000164c7000 Uncommon trap: reason=unstable_if action=reinterpret pc=0x00000000028b4504 method=com.android.dx.rop.code.RegisterSpecSet.localItemToSpec(Lcom/android/dx/rop/code/LocalItem;)Lcom/android/dx/rop/code/RegisterSpec; @ 35
Event: 12.669 Thread 0x00000000164da800 Uncommon trap: reason=bimorphic action=maybe_recompile pc=0x00000000028f8444 method=com.android.dx.ssa.SCCP.simulatePhi(Lcom/android/dx/ssa/PhiInsn;)V @ 124
Event: 13.127 Thread 0x00000000164c7000 Uncommon trap: reason=bimorphic action=maybe_recompile pc=0x000000000261b5d0 method=java.util.HashMap.getNode(ILjava/lang/Object;)Ljava/util/HashMap$Node; @ 126
Event: 13.127 Thread 0x00000000164c7000 Uncommon trap: reason=class_check action=maybe_recompile pc=0x0000000002726884 method=java.util.HashMap.putVal(ILjava/lang/Object;Ljava/lang/Object;ZZ)Ljava/lang/Object; @ 203
Event: 13.262 Thread 0x00000000164c7000 Uncommon trap: reason=unstable_if action=reinterpret pc=0x00000000025f11a4 method=java.util.HashMap.putVal(ILjava/lang/Object;Ljava/lang/Object;ZZ)Ljava/lang/Object; @ 162
Event: 14.397 Thread 0x00000000164c7000 Uncommon trap: reason=unstable_if action=reinterpret pc=0x000000000261b5b0 method=java.util.HashMap.getNode(ILjava/lang/Object;)Ljava/util/HashMap$Node; @ 84
Event: 14.539 Thread 0x00000000164c7000 Uncommon trap: reason=class_check action=maybe_recompile pc=0x0000000002986da8 method=com.android.dx.cf.code.RopperMachine.run(Lcom/android/dx/cf/code/Frame;II)V @ 988
Event: 15.592 Thread 0x00000000164d9800 Uncommon trap: reason=unstable_if action=reinterpret pc=0x00000000026188c0 method=java.util.HashMap.getNode(ILjava/lang/Object;)Ljava/util/HashMap$Node; @ 84

Internal exceptions (6 events):
Event: 0.141 Thread 0x0000000002100800 Exception <a 'java/lang/NoSuchMethodError': Method sun.misc.Unsafe.defineClass(Ljava/lang/String;[BII)Ljava/lang/Class; name or signature does not match> (0x00000000eab07ca8) thrown at [C:\re\workspace\8-2-build-windows-amd64-cygwin\jdk8u144\9417\hotspot\
Event: 0.141 Thread 0x0000000002100800 Exception <a 'java/lang/NoSuchMethodError': Method sun.misc.Unsafe.prefetchRead(Ljava/lang/Object;J)V name or signature does not match> (0x00000000eab07f90) thrown at [C:\re\workspace\8-2-build-windows-amd64-cygwin\jdk8u144\9417\hotspot\src\share\vm\prims
Event: 7.642 Thread 0x00000000164d7000 Implicit null exception at 0x00000000028bad1a to 0x00000000028bae17
Event: 13.265 Thread 0x00000000164c7000 Exception <a 'java/lang/ArrayIndexOutOfBoundsException': 18> (0x00000000edeb7ee0) thrown at [C:\re\workspace\8-2-build-windows-amd64-cygwin\jdk8u144\9417\hotspot\src\share\vm\interpreter\interpreterRuntime.cpp, line 366]
Event: 13.266 Thread 0x00000000164c7000 Exception <a 'java/lang/ArrayIndexOutOfBoundsException'> (0x00000000edeb9a60) thrown at [C:\re\workspace\8-2-build-windows-amd64-cygwin\jdk8u144\9417\hotspot\src\share\vm\runtime\sharedRuntime.cpp, line 605]
Event: 13.267 Thread 0x00000000164c7000 Exception <a 'java/lang/ArrayIndexOutOfBoundsException'> (0x00000000edebad48) thrown at [C:\re\workspace\8-2-build-windows-amd64-cygwin\jdk8u144\9417\hotspot\src\share\vm\runtime\sharedRuntime.cpp, line 605]

Events (10 events):
Event: 14.397 Thread 0x00000000164c7000 DEOPT PACKING pc=0x000000000261b5b0 sp=0x000000001690e820
Event: 14.397 Thread 0x00000000164c7000 DEOPT UNPACKING pc=0x000000000224582a sp=0x000000001690e7a8 mode 2
Event: 14.539 Thread 0x00000000164c7000 Uncommon trap: trap_request=0xffffffde fr.pc=0x0000000002986da8
Event: 14.539 Thread 0x00000000164c7000 DEOPT PACKING pc=0x0000000002986da8 sp=0x000000001690e850
Event: 14.539 Thread 0x00000000164c7000 DEOPT UNPACKING pc=0x000000000224582a sp=0x000000001690e818 mode 2
Event: 15.461 loading class com/android/dx/cf/iface/ParseObserver
Event: 15.461 loading class com/android/dx/cf/iface/ParseObserver done
Event: 15.592 Thread 0x00000000164d9800 Uncommon trap: trap_request=0xffffff65 fr.pc=0x00000000026188c0
Event: 15.592 Thread 0x00000000164d9800 DEOPT PACKING pc=0x00000000026188c0 sp=0x0000000016c0ea80
Event: 15.592 Thread 0x00000000164d9800 DEOPT UNPACKING pc=0x000000000224582a sp=0x0000000016c0e9b0 mode 2


Dynamic libraries:
0x00007ff635230000 - 0x00007ff635267000 	D:\Java\jdk1.8.0_144\bin\java.exe
0x00007ff9da6a0000 - 0x00007ff9da861000 	C:\WINDOWS\SYSTEM32\ntdll.dll
0x00007ff9d81e0000 - 0x00007ff9d828d000 	C:\WINDOWS\system32\KERNEL32.DLL
0x00007ff9d7790000 - 0x00007ff9d7978000 	C:\WINDOWS\system32\KERNELBASE.dll
0x00007ff9d8130000 - 0x00007ff9d81d7000 	C:\WINDOWS\system32\ADVAPI32.dll
0x00007ff9d7c60000 - 0x00007ff9d7cfd000 	C:\WINDOWS\system32\msvcrt.dll
0x00007ff9d7aa0000 - 0x00007ff9d7afb000 	C:\WINDOWS\system32\sechost.dll
0x00007ff9da580000 - 0x00007ff9da69c000 	C:\WINDOWS\system32\RPCRT4.dll
0x00007ff9d7b00000 - 0x00007ff9d7c56000 	C:\WINDOWS\system32\USER32.dll
0x00007ff9d8300000 - 0x00007ff9d8486000 	C:\WINDOWS\system32\GDI32.dll
0x00007ff9c9510000 - 0x00007ff9c9784000 	C:\WINDOWS\WinSxS\amd64_microsoft.windows.common-controls_6595b64144ccf1df_6.0.10586.0_none_8c15ae12515e1c22\COMCTL32.dll
0x00007ff9da1e0000 - 0x00007ff9da45d000 	C:\WINDOWS\system32\combase.dll
0x00007ff9d7980000 - 0x00007ff9d79ea000 	C:\WINDOWS\system32\bcryptPrimitives.dll
0x00007ff9d8570000 - 0x00007ff9d85ab000 	C:\WINDOWS\system32\IMM32.DLL
0x0000000055890000 - 0x0000000055962000 	D:\Java\jdk1.8.0_144\jre\bin\msvcr100.dll
0x0000000054ff0000 - 0x000000005588d000 	D:\Java\jdk1.8.0_144\jre\bin\server\jvm.dll
0x00007ff9d84f0000 - 0x00007ff9d84f8000 	C:\WINDOWS\system32\PSAPI.DLL
0x00007ff9d34c0000 - 0x00007ff9d34c9000 	C:\WINDOWS\SYSTEM32\WSOCK32.dll
0x00007ff9d8290000 - 0x00007ff9d82fb000 	C:\WINDOWS\system32\WS2_32.dll
0x00007ff9d4f40000 - 0x00007ff9d4f63000 	C:\WINDOWS\SYSTEM32\WINMM.dll
0x00007ff9cae40000 - 0x00007ff9cae4a000 	C:\WINDOWS\SYSTEM32\VERSION.dll
0x00007ff9d4ee0000 - 0x00007ff9d4f0c000 	C:\WINDOWS\SYSTEM32\WINMMBASE.dll
0x00007ff9d73c0000 - 0x00007ff9d7403000 	C:\WINDOWS\system32\cfgmgr32.dll
0x0000000054fe0000 - 0x0000000054fef000 	D:\Java\jdk1.8.0_144\jre\bin\verify.dll
0x0000000054fb0000 - 0x0000000054fd9000 	D:\Java\jdk1.8.0_144\jre\bin\java.dll
0x0000000054f90000 - 0x0000000054fa6000 	D:\Java\jdk1.8.0_144\jre\bin\zip.dll
0x00007ff9d8c80000 - 0x00007ff9da1dc000 	C:\WINDOWS\system32\SHELL32.dll
0x00007ff9d6d50000 - 0x00007ff9d7395000 	C:\WINDOWS\system32\windows.storage.dll
0x00007ff9d8490000 - 0x00007ff9d84e2000 	C:\WINDOWS\system32\shlwapi.dll
0x00007ff9d6d30000 - 0x00007ff9d6d3f000 	C:\WINDOWS\system32\kernel.appcore.dll
0x00007ff9d75e0000 - 0x00007ff9d7695000 	C:\WINDOWS\system32\shcore.dll
0x00007ff9d6ce0000 - 0x00007ff9d6d2b000 	C:\WINDOWS\system32\powrprof.dll
0x00007ff9d6cc0000 - 0x00007ff9d6cd4000 	C:\WINDOWS\system32\profapi.dll

VM Arguments:
jvm_args: -Djava.awt.headless=true -Xmx1024M -Dfile.encoding=windows-1252 -Duser.country=AU -Duser.language=en -Duser.variant 
java_command: com.android.dx.command.Main --dex --num-threads=4 --output E:\React Native\hackathon\hackathon_project\android\app\build\intermediates\pre-dexed\debug\com.facebook.react-react-native-0.49.2_54baaec9a55f15f6e0e6e830d69d10eac9237e58.jar E:\React Native\hackathon\hackathon_project\android\app\build\intermediates\exploded-aar\com.facebook.react\react-native\0.49.2\jars\classes.jar
java_class_path (initial): D:\Program Files (x86)\Android\android-sdk\build-tools\23.0.1\lib\dx.jar
Launcher Type: SUN_STANDARD

Environment Variables:
JAVA_HOME=D:\Java\jdk1.8.0_144
CLASSPATH=E:\React Native\hackathon\hackathon_project\android\\gradle\wrapper\gradle-wrapper.jar
PATH=C:\ProgramData\Oracle\Java\javapath;C:\Program Files (x86)\Intel\iCLS Client\;C:\Program Files\Intel\iCLS Client\;C:\WINDOWS\system32;C:\WINDOWS;C:\WINDOWS\System32\Wbem;C:\WINDOWS\System32\WindowsPowerShell\v1.0\;C:\Program Files (x86)\Intel\Intel(R) Management Engine Components\DAL;C:\Program Files\Intel\Intel(R) Management Engine Components\DAL;C:\Program Files (x86)\Intel\Intel(R) Management Engine Components\IPT;C:\Program Files\Intel\Intel(R) Management Engine Components\IPT;D:\Program Files\nodejs\;d:\Program Files\Git\cmd;C:\Program Files (x86)\Skype\Phone\;C:\Users\MUBASHIR\AppData\Roaming\npm;D:\Program Files (x86)\Android\android-sdk\platform-tools;d:\Program Files (x86)\Microsoft VS Code\bin
USERNAME=MUBASHIR
OS=Windows_NT
PROCESSOR_IDENTIFIER=Intel64 Family 6 Model 61 Stepping 4, GenuineIntel



---------------  S Y S T E M  ---------------

OS: Windows 10.0 , 64 bit Build 10586 (10.0.10586.0)

CPU:total 4 (initial active 4) (2 cores per cpu, 2 threads per core) family 6 model 61 stepping 4, cmov, cx8, fxsr, mmx, sse, sse2, sse3, ssse3, sse4.1, sse4.2, popcnt, avx, avx2, aes, clmul, erms, 3dnowpref, lzcnt, ht, tsc, tscinvbit, bmi1, bmi2, adx

Memory: 4k page, physical 4107980k(331060k free), swap 6539460k(5212k free)

vm_info: Java HotSpot(TM) 64-Bit Server VM (25.144-b01) for windows-amd64 JRE (1.8.0_144-b01), built on Jul 21 2017 21:57:33 by "java_re" with MS VC++ 10.0 (VS2010)

time: Sat Oct 07 23:58:26 2017
elapsed time: 15 seconds (0d 0h 0m 15s)

