#
# There is insufficient memory for the Java Runtime Environment to continue.
# Native memory allocation (malloc) failed to allocate 646896 bytes for Chunk::new
# Possible reasons:
#   The system is out of physical RAM or swap space
#   In 32 bit mode, the process size limit was hit
# Possible solutions:
#   Reduce memory load on the system
#   Increase physical memory or swap space
#   Check if swap backing store is full
#   Use 64 bit Java on a 64 bit OS
#   Decrease Java heap size (-Xmx/-Xms)
#   Decrease number of Java threads
#   Decrease Java thread stack sizes (-Xss)
#   Set larger code cache with -XX:ReservedCodeCacheSize=
# This output file may be truncated or incomplete.
#
#  Out of Memory Error (allocation.cpp:390), pid=10964, tid=0x00000000000029ac
#
# JRE version: Java(TM) SE Runtime Environment (8.0_144-b01) (build 1.8.0_144-b01)
# Java VM: Java HotSpot(TM) 64-Bit Server VM (25.144-b01 mixed mode windows-amd64 compressed oops)
# Failed to write core dump. Minidumps are not enabled by default on client versions of Windows
#

---------------  T H R E A D  ---------------

Current thread (0x00000000148d4800):  JavaThread "C2 CompilerThread0" daemon [_thread_in_native, id=10668, stack(0x0000000015f00000,0x0000000016000000)]

Stack: [0x0000000015f00000,0x0000000016000000]
[error occurred during error reporting (printing stack bounds), id 0xc0000005]

Native frames: (J=compiled Java code, j=interpreted, Vv=VM code, C=native code)


Current CompileTask:
C2:   3683 1520       4       com.android.dx.ssa.SCCP::simulateBranch (666 bytes)


---------------  P R O C E S S  ---------------

Java Threads: ( => current thread )
  0x000000001647b000 JavaThread "pool-1-thread-4" [_thread_in_Java, id=11148, stack(0x0000000016c00000,0x0000000016d00000)]
  0x000000001647a000 JavaThread "pool-1-thread-3" [_thread_in_Java, id=11208, stack(0x0000000016b00000,0x0000000016c00000)]
  0x0000000016475000 JavaThread "pool-1-thread-2" [_thread_in_Java, id=9600, stack(0x0000000016a00000,0x0000000016b00000)]
  0x0000000016470000 JavaThread "pool-2-thread-1" [_thread_blocked, id=2340, stack(0x0000000016900000,0x0000000016a00000)]
  0x000000001646b800 JavaThread "pool-1-thread-1" [_thread_in_Java, id=10236, stack(0x0000000016800000,0x0000000016900000)]
  0x00000000021fd800 JavaThread "Service Thread" daemon [_thread_blocked, id=10428, stack(0x0000000016600000,0x0000000016700000)]
  0x000000001492d000 JavaThread "C1 CompilerThread2" daemon [_thread_blocked, id=10392, stack(0x0000000016100000,0x0000000016200000)]
  0x00000000148d6800 JavaThread "C2 CompilerThread1" daemon [_thread_in_native, id=10672, stack(0x0000000016000000,0x0000000016100000)]
=>0x00000000148d4800 JavaThread "C2 CompilerThread0" daemon [_thread_in_native, id=10668, stack(0x0000000015f00000,0x0000000016000000)]
  0x00000000148d2000 JavaThread "Attach Listener" daemon [_thread_blocked, id=10568, stack(0x0000000015e00000,0x0000000015f00000)]
  0x00000000148d1000 JavaThread "Signal Dispatcher" daemon [_thread_blocked, id=10540, stack(0x0000000015d00000,0x0000000015e00000)]
  0x00000000148ba000 JavaThread "Finalizer" daemon [_thread_blocked, id=10492, stack(0x0000000015b20000,0x0000000015c20000)]
  0x0000000014899000 JavaThread "Reference Handler" daemon [_thread_blocked, id=10488, stack(0x0000000015a20000,0x0000000015b20000)]
  0x0000000002100800 JavaThread "main" [_thread_in_Java, id=10652, stack(0x0000000000730000,0x0000000000830000)]

Other Threads:
  0x0000000014897000 VMThread [stack: 0x0000000015920000,0x0000000015a20000] [id=10664]
  0x0000000016203800 WatcherThread [stack: 0x0000000016700000,0x0000000016800000] [id=10380]

VM state:not at safepoint (normal execution)

VM Mutex/Monitor currently owned by a thread: None

Heap:
 PSYoungGen      total 35328K, used 21912K [0x00000000eab00000, 0x00000000ed000000, 0x0000000100000000)
  eden space 32768K, 59% used [0x00000000eab00000,0x00000000ebdea420,0x00000000ecb00000)
  from space 2560K, 99% used [0x00000000ecd80000,0x00000000ecffbea8,0x00000000ed000000)
  to   space 2560K, 0% used [0x00000000ecb00000,0x00000000ecb00000,0x00000000ecd80000)
 ParOldGen       total 44032K, used 10140K [0x00000000c0000000, 0x00000000c2b00000, 0x00000000eab00000)
  object space 44032K, 23% used [0x00000000c0000000,0x00000000c09e73a0,0x00000000c2b00000)
 Metaspace       used 6379K, capacity 7128K, committed 7424K, reserved 1056768K
  class space    used 638K, capacity 656K, committed 768K, reserved 1048576K

Card table byte_map: [0x00000000115c0000,0x00000000117d0000] byte_map_base: 0x0000000010fc0000

Marking Bits: (ParMarkBitMap*) 0x000000005580d850
 Begin Bits: [0x0000000011d30000, 0x0000000012d30000)
 End Bits:   [0x0000000012d30000, 0x0000000013d30000)

Polling page: 0x0000000000500000

CodeCache: size=245760Kb used=6195Kb max_used=6210Kb free=239564Kb
 bounds [0x0000000002200000, 0x0000000002820000, 0x0000000011200000]
 total_blobs=1810 nmethods=1541 adapters=182
 compilation: enabled

Compilation events (10 events):
Event: 3.644 Thread 0x000000001492d000 1572   !   2       com.android.dx.cf.code.BasicBlocker::doit (156 bytes)
Event: 3.645 Thread 0x000000001492d000 nmethod 1572 0x0000000002801350 code [0x0000000002801520, 0x0000000002801bd8]
Event: 3.653 Thread 0x000000001492d000 1573       2       com.android.dx.rop.code.Rops::pickBinaryOp (158 bytes)
Event: 3.654 Thread 0x000000001492d000 nmethod 1573 0x0000000002802590 code [0x0000000002802780, 0x0000000002802d98]
Event: 3.659 Thread 0x000000001492d000 1575       2       java.util.Arrays::copyOf (19 bytes)
Event: 3.659 Thread 0x000000001492d000 nmethod 1575 0x0000000002803290 code [0x0000000002803400, 0x0000000002803668]
Event: 3.660 Thread 0x000000001492d000 1576 %     3       com.android.dx.ssa.LocalVariableExtractor::processBlock @ 119 (383 bytes)
Event: 3.665 Thread 0x000000001492d000 nmethod 1576% 0x0000000002803750 code [0x0000000002803c00, 0x0000000002807388]
Event: 3.665 Thread 0x000000001492d000 1577       3       com.android.dx.ssa.LocalVariableExtractor::processBlock (383 bytes)
Event: 3.671 Thread 0x000000001492d000 nmethod 1577 0x0000000002809c10 code [0x000000000280a0e0, 0x000000000280d878]

GC Heap History (8 events):
Event: 1.982 GC heap before
{Heap before GC invocations=1 (full 0):
 PSYoungGen      total 18944K, used 16384K [0x00000000eab00000, 0x00000000ec000000, 0x0000000100000000)
  eden space 16384K, 100% used [0x00000000eab00000,0x00000000ebb00000,0x00000000ebb00000)
  from space 2560K, 0% used [0x00000000ebd80000,0x00000000ebd80000,0x00000000ec000000)
  to   space 2560K, 0% used [0x00000000ebb00000,0x00000000ebb00000,0x00000000ebd80000)
 ParOldGen       total 44032K, used 0K [0x00000000c0000000, 0x00000000c2b00000, 0x00000000eab00000)
  object space 44032K, 0% used [0x00000000c0000000,0x00000000c0000000,0x00000000c2b00000)
 Metaspace       used 5873K, capacity 6744K, committed 6912K, reserved 1056768K
  class space    used 617K, capacity 656K, committed 768K, reserved 1048576K
Event: 1.998 GC heap after
Heap after GC invocations=1 (full 0):
 PSYoungGen      total 18944K, used 2551K [0x00000000eab00000, 0x00000000ec000000, 0x0000000100000000)
  eden space 16384K, 0% used [0x00000000eab00000,0x00000000eab00000,0x00000000ebb00000)
  from space 2560K, 99% used [0x00000000ebb00000,0x00000000ebd7dc60,0x00000000ebd80000)
  to   space 2560K, 0% used [0x00000000ebd80000,0x00000000ebd80000,0x00000000ec000000)
 ParOldGen       total 44032K, used 2057K [0x00000000c0000000, 0x00000000c2b00000, 0x00000000eab00000)
  object space 44032K, 4% used [0x00000000c0000000,0x00000000c0202438,0x00000000c2b00000)
 Metaspace       used 5873K, capacity 6744K, committed 6912K, reserved 1056768K
  class space    used 617K, capacity 656K, committed 768K, reserved 1048576K
}
Event: 2.568 GC heap before
{Heap before GC invocations=2 (full 0):
 PSYoungGen      total 18944K, used 18935K [0x00000000eab00000, 0x00000000ec000000, 0x0000000100000000)
  eden space 16384K, 100% used [0x00000000eab00000,0x00000000ebb00000,0x00000000ebb00000)
  from space 2560K, 99% used [0x00000000ebb00000,0x00000000ebd7dc60,0x00000000ebd80000)
  to   space 2560K, 0% used [0x00000000ebd80000,0x00000000ebd80000,0x00000000ec000000)
 ParOldGen       total 44032K, used 2057K [0x00000000c0000000, 0x00000000c2b00000, 0x00000000eab00000)
  object space 44032K, 4% used [0x00000000c0000000,0x00000000c0202438,0x00000000c2b00000)
 Metaspace       used 6113K, capacity 7000K, committed 7168K, reserved 1056768K
  class space    used 618K, capacity 656K, committed 768K, reserved 1048576K
Event: 2.625 GC heap after
Heap after GC invocations=2 (full 0):
 PSYoungGen      total 18944K, used 2540K [0x00000000eab00000, 0x00000000ed000000, 0x0000000100000000)
  eden space 16384K, 0% used [0x00000000eab00000,0x00000000eab00000,0x00000000ebb00000)
  from space 2560K, 99% used [0x00000000ebd80000,0x00000000ebffb278,0x00000000ec000000)
  to   space 2560K, 0% used [0x00000000ebb00000,0x00000000ebb00000,0x00000000ebd80000)
 ParOldGen       total 44032K, used 4759K [0x00000000c0000000, 0x00000000c2b00000, 0x00000000eab00000)
  object space 44032K, 10% used [0x00000000c0000000,0x00000000c04a5d58,0x00000000c2b00000)
 Metaspace       used 6113K, capacity 7000K, committed 7168K, reserved 1056768K
  class space    used 618K, capacity 656K, committed 768K, reserved 1048576K
}
Event: 2.941 GC heap before
{Heap before GC invocations=3 (full 0):
 PSYoungGen      total 18944K, used 18924K [0x00000000eab00000, 0x00000000ed000000, 0x0000000100000000)
  eden space 16384K, 100% used [0x00000000eab00000,0x00000000ebb00000,0x00000000ebb00000)
  from space 2560K, 99% used [0x00000000ebd80000,0x00000000ebffb278,0x00000000ec000000)
  to   space 2560K, 0% used [0x00000000ebb00000,0x00000000ebb00000,0x00000000ebd80000)
 ParOldGen       total 44032K, used 4759K [0x00000000c0000000, 0x00000000c2b00000, 0x00000000eab00000)
  object space 44032K, 10% used [0x00000000c0000000,0x00000000c04a5d58,0x00000000c2b00000)
 Metaspace       used 6182K, capacity 7064K, committed 7424K, reserved 1056768K
  class space    used 619K, capacity 656K, committed 768K, reserved 1048576K
Event: 3.009 GC heap after
Heap after GC invocations=3 (full 0):
 PSYoungGen      total 18944K, used 2549K [0x00000000eab00000, 0x00000000ed000000, 0x0000000100000000)
  eden space 16384K, 0% used [0x00000000eab00000,0x00000000eab00000,0x00000000ebb00000)
  from space 2560K, 99% used [0x00000000ebb00000,0x00000000ebd7d490,0x00000000ebd80000)
  to   space 2560K, 0% used [0x00000000ecd80000,0x00000000ecd80000,0x00000000ed000000)
 ParOldGen       total 44032K, used 7489K [0x00000000c0000000, 0x00000000c2b00000, 0x00000000eab00000)
  object space 44032K, 17% used [0x00000000c0000000,0x00000000c0750798,0x00000000c2b00000)
 Metaspace       used 6182K, capacity 7064K, committed 7424K, reserved 1056768K
  class space    used 619K, capacity 656K, committed 768K, reserved 1048576K
}
Event: 3.410 GC heap before
{Heap before GC invocations=4 (full 0):
 PSYoungGen      total 18944K, used 18933K [0x00000000eab00000, 0x00000000ed000000, 0x0000000100000000)
  eden space 16384K, 100% used [0x00000000eab00000,0x00000000ebb00000,0x00000000ebb00000)
  from space 2560K, 99% used [0x00000000ebb00000,0x00000000ebd7d490,0x00000000ebd80000)
  to   space 2560K, 0% used [0x00000000ecd80000,0x00000000ecd80000,0x00000000ed000000)
 ParOldGen       total 44032K, used 7489K [0x00000000c0000000, 0x00000000c2b00000, 0x00000000eab00000)
  object space 44032K, 17% used [0x00000000c0000000,0x00000000c0750798,0x00000000c2b00000)
 Metaspace       used 6324K, capacity 7064K, committed 7424K, reserved 1056768K
  class space    used 637K, capacity 656K, committed 768K, reserved 1048576K
Event: 3.430 GC heap after
Heap after GC invocations=4 (full 0):
 PSYoungGen      total 35328K, used 2543K [0x00000000eab00000, 0x00000000ed000000, 0x0000000100000000)
  eden space 32768K, 0% used [0x00000000eab00000,0x00000000eab00000,0x00000000ecb00000)
  from space 2560K, 99% used [0x00000000ecd80000,0x00000000ecffbea8,0x00000000ed000000)
  to   space 2560K, 0% used [0x00000000ecb00000,0x00000000ecb00000,0x00000000ecd80000)
 ParOldGen       total 44032K, used 10140K [0x00000000c0000000, 0x00000000c2b00000, 0x00000000eab00000)
  object space 44032K, 23% used [0x00000000c0000000,0x00000000c09e73a0,0x00000000c2b00000)
 Metaspace       used 6324K, capacity 7064K, committed 7424K, reserved 1056768K
  class space    used 637K, capacity 656K, committed 768K, reserved 1048576K
}

Deoptimization events (10 events):
Event: 3.328 Thread 0x0000000016475000 Uncommon trap: reason=class_check action=maybe_recompile pc=0x0000000002679904 method=java.util.HashMap.putVal(ILjava/lang/Object;Ljava/lang/Object;ZZ)Ljava/lang/Object; @ 203
Event: 3.328 Thread 0x0000000016475000 Uncommon trap: reason=bimorphic action=maybe_recompile pc=0x0000000002582028 method=java.util.HashMap.getNode(ILjava/lang/Object;)Ljava/util/HashMap$Node; @ 126
Event: 3.328 Thread 0x0000000016475000 Uncommon trap: reason=class_check action=maybe_recompile pc=0x0000000002679904 method=java.util.HashMap.putVal(ILjava/lang/Object;Ljava/lang/Object;ZZ)Ljava/lang/Object; @ 203
Event: 3.329 Thread 0x0000000016475000 Uncommon trap: reason=bimorphic action=maybe_recompile pc=0x00000000025899ac method=java.util.HashMap.getNode(ILjava/lang/Object;)Ljava/util/HashMap$Node; @ 126
Event: 3.340 Thread 0x0000000016475000 Uncommon trap: reason=unstable_if action=reinterpret pc=0x00000000024ea97c method=java.util.HashMap.putVal(ILjava/lang/Object;Ljava/lang/Object;ZZ)Ljava/lang/Object; @ 162
Event: 3.360 Thread 0x0000000016475000 Uncommon trap: reason=unstable_if action=reinterpret pc=0x0000000002582010 method=java.util.HashMap.getNode(ILjava/lang/Object;)Ljava/util/HashMap$Node; @ 84
Event: 3.394 Thread 0x000000001647a000 Uncommon trap: reason=unstable_if action=reinterpret pc=0x000000000267989c method=java.util.HashMap.putVal(ILjava/lang/Object;Ljava/lang/Object;ZZ)Ljava/lang/Object; @ 109
Event: 3.399 Thread 0x000000001647a000 Uncommon trap: reason=bimorphic action=maybe_recompile pc=0x00000000025899ac method=java.util.HashMap.getNode(ILjava/lang/Object;)Ljava/util/HashMap$Node; @ 126
Event: 3.449 Thread 0x000000001647a000 Uncommon trap: reason=unstable_if action=reinterpret pc=0x000000000267c6dc method=com.android.dx.ssa.SsaMethod.updateOneDefinition(Lcom/android/dx/ssa/SsaInsn;Lcom/android/dx/rop/code/RegisterSpec;)V @ 4
Event: 3.488 Thread 0x0000000016475000 Uncommon trap: reason=unstable_if action=reinterpret pc=0x00000000027d6f70 method=com.android.dx.ssa.SCCP.simulateStmt(Lcom/android/dx/ssa/SsaInsn;)V @ 59

Internal exceptions (6 events):
Event: 0.333 Thread 0x0000000002100800 Exception <a 'java/lang/NoSuchMethodError': Method sun.misc.Unsafe.defineClass(Ljava/lang/String;[BII)Ljava/lang/Class; name or signature does not match> (0x00000000eab07ca8) thrown at [C:\re\workspace\8-2-build-windows-amd64-cygwin\jdk8u144\9417\hotspot\
Event: 0.333 Thread 0x0000000002100800 Exception <a 'java/lang/NoSuchMethodError': Method sun.misc.Unsafe.prefetchRead(Ljava/lang/Object;J)V name or signature does not match> (0x00000000eab07f90) thrown at [C:\re\workspace\8-2-build-windows-amd64-cygwin\jdk8u144\9417\hotspot\src\share\vm\prims
Event: 2.195 Thread 0x0000000002100800 Implicit null exception at 0x00000000025005a2 to 0x000000000250069a
Event: 3.343 Thread 0x0000000016475000 Exception <a 'java/lang/ArrayIndexOutOfBoundsException': 18> (0x00000000eb800a10) thrown at [C:\re\workspace\8-2-build-windows-amd64-cygwin\jdk8u144\9417\hotspot\src\share\vm\interpreter\interpreterRuntime.cpp, line 366]
Event: 3.343 Thread 0x0000000016475000 Exception <a 'java/lang/ArrayIndexOutOfBoundsException': 145> (0x00000000eb8025b0) thrown at [C:\re\workspace\8-2-build-windows-amd64-cygwin\jdk8u144\9417\hotspot\src\share\vm\interpreter\interpreterRuntime.cpp, line 366]
Event: 3.345 Thread 0x0000000016475000 Exception <a 'java/lang/ArrayIndexOutOfBoundsException'> (0x00000000eb803898) thrown at [C:\re\workspace\8-2-build-windows-amd64-cygwin\jdk8u144\9417\hotspot\src\share\vm\runtime\sharedRuntime.cpp, line 605]

Events (10 events):
Event: 3.448 loading class com/android/dx/rop/code/RegOps
Event: 3.448 loading class com/android/dx/rop/code/RegOps done
Event: 3.449 Thread 0x000000001647a000 Uncommon trap: trap_request=0xffffff65 fr.pc=0x000000000267c6dc
Event: 3.449 Thread 0x000000001647a000 DEOPT PACKING pc=0x000000000267c6dc sp=0x0000000016bfea50
Event: 3.449 Thread 0x000000001647a000 DEOPT UNPACKING pc=0x000000000224582a sp=0x0000000016bfe9f8 mode 2
Event: 3.488 Thread 0x0000000016475000 Uncommon trap: trap_request=0xffffff65 fr.pc=0x00000000027d6f70
Event: 3.488 Thread 0x0000000016475000 DEOPT PACKING pc=0x00000000027d6f70 sp=0x0000000016afeaa0
Event: 3.488 Thread 0x0000000016475000 DEOPT UNPACKING pc=0x000000000224582a sp=0x0000000016afea88 mode 2
Event: 3.671 Thread 0x000000001647b000 DEOPT PACKING pc=0x00000000027920cd sp=0x0000000016cfe580
Event: 3.671 Thread 0x000000001647b000 DEOPT UNPACKING pc=0x000000000224787f sp=0x0000000016cfe358 mode 0


Dynamic libraries:
0x00007ff635230000 - 0x00007ff635267000 	D:\Java\jdk1.8.0_144\bin\java.exe
0x00007ff9da6a0000 - 0x00007ff9da861000 	C:\WINDOWS\SYSTEM32\ntdll.dll
0x00007ff9d81e0000 - 0x00007ff9d828d000 	C:\WINDOWS\system32\KERNEL32.DLL
0x00007ff9d7790000 - 0x00007ff9d7978000 	C:\WINDOWS\system32\KERNELBASE.dll
0x00007ff9d8130000 - 0x00007ff9d81d7000 	C:\WINDOWS\system32\ADVAPI32.dll
0x00007ff9d7c60000 - 0x00007ff9d7cfd000 	C:\WINDOWS\system32\msvcrt.dll
0x00007ff9d7aa0000 - 0x00007ff9d7afb000 	C:\WINDOWS\system32\sechost.dll
0x00007ff9da580000 - 0x00007ff9da69c000 	C:\WINDOWS\system32\RPCRT4.dll
0x00007ff9d7b00000 - 0x00007ff9d7c56000 	C:\WINDOWS\system32\USER32.dll
0x00007ff9d8300000 - 0x00007ff9d8486000 	C:\WINDOWS\system32\GDI32.dll
0x00007ff9c9510000 - 0x00007ff9c9784000 	C:\WINDOWS\WinSxS\amd64_microsoft.windows.common-controls_6595b64144ccf1df_6.0.10586.0_none_8c15ae12515e1c22\COMCTL32.dll
0x00007ff9da1e0000 - 0x00007ff9da45d000 	C:\WINDOWS\system32\combase.dll
0x00007ff9d7980000 - 0x00007ff9d79ea000 	C:\WINDOWS\system32\bcryptPrimitives.dll
0x00007ff9d8570000 - 0x00007ff9d85ab000 	C:\WINDOWS\system32\IMM32.DLL
0x0000000055890000 - 0x0000000055962000 	D:\Java\jdk1.8.0_144\jre\bin\msvcr100.dll
0x0000000054ff0000 - 0x000000005588d000 	D:\Java\jdk1.8.0_144\jre\bin\server\jvm.dll
0x00007ff9d84f0000 - 0x00007ff9d84f8000 	C:\WINDOWS\system32\PSAPI.DLL
0x00007ff9d34c0000 - 0x00007ff9d34c9000 	C:\WINDOWS\SYSTEM32\WSOCK32.dll
0x00007ff9d8290000 - 0x00007ff9d82fb000 	C:\WINDOWS\system32\WS2_32.dll
0x00007ff9d4f40000 - 0x00007ff9d4f63000 	C:\WINDOWS\SYSTEM32\WINMM.dll
0x00007ff9cae40000 - 0x00007ff9cae4a000 	C:\WINDOWS\SYSTEM32\VERSION.dll
0x00007ff9d4ee0000 - 0x00007ff9d4f0c000 	C:\WINDOWS\SYSTEM32\WINMMBASE.dll
0x00007ff9d73c0000 - 0x00007ff9d7403000 	C:\WINDOWS\system32\cfgmgr32.dll
0x0000000054fe0000 - 0x0000000054fef000 	D:\Java\jdk1.8.0_144\jre\bin\verify.dll
0x0000000054fb0000 - 0x0000000054fd9000 	D:\Java\jdk1.8.0_144\jre\bin\java.dll
0x0000000054f90000 - 0x0000000054fa6000 	D:\Java\jdk1.8.0_144\jre\bin\zip.dll
0x00007ff9d8c80000 - 0x00007ff9da1dc000 	C:\WINDOWS\system32\SHELL32.dll
0x00007ff9d6d50000 - 0x00007ff9d7395000 	C:\WINDOWS\system32\windows.storage.dll
0x00007ff9d8490000 - 0x00007ff9d84e2000 	C:\WINDOWS\system32\shlwapi.dll
0x00007ff9d6d30000 - 0x00007ff9d6d3f000 	C:\WINDOWS\system32\kernel.appcore.dll
0x00007ff9d75e0000 - 0x00007ff9d7695000 	C:\WINDOWS\system32\shcore.dll
0x00007ff9d6ce0000 - 0x00007ff9d6d2b000 	C:\WINDOWS\system32\powrprof.dll
0x00007ff9d6cc0000 - 0x00007ff9d6cd4000 	C:\WINDOWS\system32\profapi.dll

VM Arguments:
jvm_args: -Djava.awt.headless=true -Xmx1024M -Dfile.encoding=windows-1252 -Duser.country=AU -Duser.language=en -Duser.variant 
java_command: com.android.dx.command.Main --dex --num-threads=4 --output E:\React Native\hackathon\hackathon_project\android\app\build\intermediates\pre-dexed\debug\com.android.support-appcompat-v7-23.0.1_2be0f35b12d4e8f8bc4be12bd62e72bcaa7799dc.jar E:\React Native\hackathon\hackathon_project\android\app\build\intermediates\exploded-aar\com.android.support\appcompat-v7\23.0.1\jars\classes.jar
java_class_path (initial): D:\Program Files (x86)\Android\android-sdk\build-tools\23.0.1\lib\dx.jar
Launcher Type: SUN_STANDARD

Environment Variables:
JAVA_HOME=D:\Java\jdk1.8.0_144
CLASSPATH=E:\React Native\hackathon\hackathon_project\android\\gradle\wrapper\gradle-wrapper.jar
PATH=C:\ProgramData\Oracle\Java\javapath;C:\Program Files (x86)\Intel\iCLS Client\;C:\Program Files\Intel\iCLS Client\;C:\WINDOWS\system32;C:\WINDOWS;C:\WINDOWS\System32\Wbem;C:\WINDOWS\System32\WindowsPowerShell\v1.0\;C:\Program Files (x86)\Intel\Intel(R) Management Engine Components\DAL;C:\Program Files\Intel\Intel(R) Management Engine Components\DAL;C:\Program Files (x86)\Intel\Intel(R) Management Engine Components\IPT;C:\Program Files\Intel\Intel(R) Management Engine Components\IPT;D:\Program Files\nodejs\;d:\Program Files\Git\cmd;C:\Program Files (x86)\Skype\Phone\;C:\Users\MUBASHIR\AppData\Roaming\npm;D:\Program Files (x86)\Android\android-sdk\platform-tools;d:\Program Files (x86)\Microsoft VS Code\bin
USERNAME=MUBASHIR
OS=Windows_NT
PROCESSOR_IDENTIFIER=Intel64 Family 6 Model 61 Stepping 4, GenuineIntel



---------------  S Y S T E M  ---------------

OS: Windows 10.0 , 64 bit Build 10586 (10.0.10586.0)

CPU:total 4 (initial active 4) (2 cores per cpu, 2 threads per core) family 6 model 61 stepping 4, cmov, cx8, fxsr, mmx, sse, sse2, sse3, ssse3, sse4.1, sse4.2, popcnt, avx, avx2, aes, clmul, erms, 3dnowpref, lzcnt, ht, tsc, tscinvbit, bmi1, bmi2, adx

Memory: 4k page, physical 4107980k(451160k free), swap 6539460k(5648k free)

vm_info: Java HotSpot(TM) 64-Bit Server VM (25.144-b01) for windows-amd64 JRE (1.8.0_144-b01), built on Jul 21 2017 21:57:33 by "java_re" with MS VC++ 10.0 (VS2010)

time: Sat Oct 07 23:58:30 2017
elapsed time: 3 seconds (0d 0h 0m 3s)

